<?xml version="1.0" encoding="UTF-8"?>
<!-- Generated by org.testng.reporters.JUnitReportReporter -->
<testsuite hostname="LAPTOP-IRMRPJ1B" failures="0" tests="2" name="com.qa.opencart.tests.ProductInfoTest" time="11.392" errors="0" timestamp="2023-05-24T16:06:04 EDT" skipped="0">
  <testcase classname="com.qa.opencart.tests.ProductInfoTest" name="productAddedToCartTest" time="4.792"/>
  <testcase classname="com.qa.opencart.tests.ProductInfoTest" name="productInfoTest" time="6.600"/>
</testsuite> <!-- com.qa.opencart.tests.ProductInfoTest -->
