<?xml version="1.0" encoding="UTF-8"?>
<!-- Generated by org.testng.reporters.JUnitReportReporter -->
<testsuite hostname="LAPTOP-IRMRPJ1B" failures="0" tests="16" name="com.qa.opencart.tests.SearchPageDataTest" time="21.349" errors="0" timestamp="2023-05-22T07:14:21 EDT" skipped="0">
  <testcase classname="com.qa.opencart.tests.SearchPageDataTest" name="searchProductTest" time="0.696"/>
  <testcase classname="com.qa.opencart.tests.SearchPageDataTest" name="searchPageTitleTest" time="0.626"/>
  <testcase classname="com.qa.opencart.tests.SearchPageDataTest" name="countProductImageTest" time="1.969"/>
  <testcase classname="com.qa.opencart.tests.SearchPageDataTest" name="searchPageTitleTest" time="0.599"/>
  <testcase classname="com.qa.opencart.tests.SearchPageDataTest" name="selectProducTest" time="1.544"/>
  <testcase classname="com.qa.opencart.tests.SearchPageDataTest" name="countProductImageTest" time="2.004"/>
  <testcase classname="com.qa.opencart.tests.SearchPageDataTest" name="countProductImageTest" time="2.643"/>
  <testcase classname="com.qa.opencart.tests.SearchPageDataTest" name="selectProducTest" time="1.793"/>
  <testcase classname="com.qa.opencart.tests.SearchPageDataTest" name="selectProducTest" time="1.728"/>
  <testcase classname="com.qa.opencart.tests.SearchPageDataTest" name="searchProductTest" time="0.634"/>
  <testcase classname="com.qa.opencart.tests.SearchPageDataTest" name="searchProductTest" time="0.662"/>
  <testcase classname="com.qa.opencart.tests.SearchPageDataTest" name="countProductImageTest" time="2.880"/>
  <testcase classname="com.qa.opencart.tests.SearchPageDataTest" name="searchPageTitleTest" time="0.740"/>
  <testcase classname="com.qa.opencart.tests.SearchPageDataTest" name="selectProducTest" time="1.579"/>
  <testcase classname="com.qa.opencart.tests.SearchPageDataTest" name="searchPageTitleTest" time="0.653"/>
  <testcase classname="com.qa.opencart.tests.SearchPageDataTest" name="searchProductTest" time="0.599"/>
</testsuite> <!-- com.qa.opencart.tests.SearchPageDataTest -->
