<?xml version="1.0" encoding="UTF-8"?>
<!-- Generated by org.testng.reporters.JUnitReportReporter -->
<testsuite hostname="LAPTOP-IRMRPJ1B" failures="0" tests="4" name="com.qa.opencart.tests.RegistrationPageTest" time="12.327" errors="0" timestamp="2023-05-23T10:52:53 EDT" skipped="0">
  <testcase classname="com.qa.opencart.tests.RegistrationPageTest" name="doRegistrationTest" time="3.383"/>
  <testcase classname="com.qa.opencart.tests.RegistrationPageTest" name="doRegistrationTest" time="3.162"/>
  <testcase classname="com.qa.opencart.tests.RegistrationPageTest" name="doRegistrationTest" time="2.909"/>
  <testcase classname="com.qa.opencart.tests.RegistrationPageTest" name="doRegistrationTest" time="2.873"/>
</testsuite> <!-- com.qa.opencart.tests.RegistrationPageTest -->
