<?xml version="1.0" encoding="UTF-8"?>
<!-- Generated by org.testng.reporters.JUnitReportReporter -->
<testsuite hostname="LAPTOP-IRMRPJ1B" failures="0" tests="1" name="com.qa.fb.test.SelectAProduct" time="7.829" errors="0" timestamp="2023-05-27T06:28:10 EDT" skipped="0">
  <testcase classname="com.qa.fb.test.SelectAProduct" name="selectProductTest" time="7.829"/>
</testsuite> <!-- com.qa.fb.test.SelectAProduct -->
