<?xml version="1.0" encoding="UTF-8"?>
<!-- Generated by org.testng.reporters.JUnitReportReporter -->
<testsuite hostname="LAPTOP-IRMRPJ1B" failures="0" tests="10" name="com.qa.opencart.tests.SearchTest" time="10.542" errors="0" timestamp="2023-05-25T17:27:53 EDT" skipped="0">
  <testcase classname="com.qa.opencart.tests.SearchTest" name="searchPageTitleTest" time="0.598"/>
  <testcase classname="com.qa.opencart.tests.SearchTest" name="countProductImageTest" time="2.183"/>
  <testcase classname="com.qa.opencart.tests.SearchTest" name="searchPageTitleTest" time="0.599"/>
  <testcase classname="com.qa.opencart.tests.SearchTest" name="countProductImageTest" time="1.241"/>
  <testcase classname="com.qa.opencart.tests.SearchTest" name="countProductImageTest" time="1.729"/>
  <testcase classname="com.qa.opencart.tests.SearchTest" name="countProductImageTest" time="1.589"/>
  <testcase classname="com.qa.opencart.tests.SearchTest" name="searchProductTest" time="0.619"/>
  <testcase classname="com.qa.opencart.tests.SearchTest" name="searchProductTest" time="0.649"/>
  <testcase classname="com.qa.opencart.tests.SearchTest" name="searchProductTest" time="0.728"/>
  <testcase classname="com.qa.opencart.tests.SearchTest" name="searchPageTitleTest" time="0.607"/>
</testsuite> <!-- com.qa.opencart.tests.SearchTest -->
