<?xml version="1.0" encoding="UTF-8"?>
<!-- Generated by org.testng.reporters.JUnitReportReporter -->
<testsuite skipped="0" hostname="LAPTOP-IRMRPJ1B" name="com.qa.opencart.tests.AccountsPageTest" tests="5" failures="0" timestamp="2023-05-25T15:26:01 EDT" time="0.532" errors="0">
  <testcase name="AccountPageTittleTest" time="0.023" classname="com.qa.opencart.tests.AccountsPageTest"/>
  <testcase name="getHeaderLinkListTest" time="0.107" classname="com.qa.opencart.tests.AccountsPageTest"/>
  <testcase name="logoutLinkDisplayedExistTest" time="0.044" classname="com.qa.opencart.tests.AccountsPageTest"/>
  <testcase name="accountPageURLTest" time="0.108" classname="com.qa.opencart.tests.AccountsPageTest"/>
  <testcase name="accPageHeadersTest" time="0.250" classname="com.qa.opencart.tests.AccountsPageTest"/>
</testsuite> <!-- com.qa.opencart.tests.AccountsPageTest -->
